<?xml version="1.0" encoding="UTF-8"?>
<!-- Generated by org.testng.reporters.JUnitReportReporter -->
<testsuite hostname="DESKTOP-QIGAM93" failures="0" tests="9" name="com.Admin_MilkRide.Module.Admin_Allmodule" time="71.287" errors="0" timestamp="2025-07-08T19:39:19 IST" skipped="0">
  <testcase classname="com.Admin_MilkRide.Module.Admin_Allmodule" name="Customer_Managemnt" time="8.729"/>
  <testcase classname="com.Admin_MilkRide.Module.Admin_Allmodule" name="Product_Catalogs" time="9.735"/>
  <testcase classname="com.Admin_MilkRide.Module.Admin_Allmodule" name="HubInfo" time="15.253"/>
  <testcase classname="com.Admin_MilkRide.Module.Admin_Allmodule" name="FlexProduct_Plan" time="4.805"/>
  <testcase classname="com.Admin_MilkRide.Module.Admin_Allmodule" name="Hubmanager" time="10.216"/>
  <testcase classname="com.Admin_MilkRide.Module.Admin_Allmodule" name="Billing_History" time="2.769"/>
  <testcase classname="com.Admin_MilkRide.Module.Admin_Allmodule" name="LoginAdminpenal" time="8.323"/>
  <testcase classname="com.Admin_MilkRide.Module.Admin_Allmodule" name="Inventory_Managment" time="4.470"/>
  <testcase classname="com.Admin_MilkRide.Module.Admin_Allmodule" name="Delivery_Management" time="6.987"/>
</testsuite> <!-- com.Admin_MilkRide.Module.Admin_Allmodule -->
