<?xml version="1.0" encoding="UTF-8"?>
<!-- Generated by org.testng.reporters.JUnitReportReporter -->
<testsuite hostname="DESKTOP-QIGAM93" failures="0" tests="18" name="com.Admin_MilkRide.Module.Admin_Allmodule" time="137.512" errors="0" timestamp="2025-07-11T12:12:58 IST" skipped="0">
  <testcase classname="com.Admin_MilkRide.Module.Admin_Allmodule" name="LoginAdminpenal" time="2.891"/>
  <testcase classname="com.Admin_MilkRide.Module.Admin_Allmodule" name="Hubmanager" time="6.619"/>
  <testcase classname="com.Admin_MilkRide.Module.Admin_Allmodule" name="HubInfo" time="12.806"/>
  <testcase classname="com.Admin_MilkRide.Module.Admin_Allmodule" name="Delivery_Management" time="9.372"/>
  <testcase classname="com.Admin_MilkRide.Module.Admin_Allmodule" name="Billing_History" time="3.149"/>
  <testcase classname="com.Admin_MilkRide.Module.Admin_Allmodule" name="Customer_Managemnt" time="8.680"/>
  <testcase classname="com.Admin_MilkRide.Module.Admin_Allmodule" name="Product_Catalogs" time="9.945"/>
  <testcase classname="com.Admin_MilkRide.Module.Admin_Allmodule" name="Inventory_Managment" time="4.421"/>
  <testcase classname="com.Admin_MilkRide.Module.Admin_Allmodule" name="FlexProduct_Plan" time="6.657"/>
  <testcase classname="com.Admin_MilkRide.Module.Admin_Allmodule" name="Banner" time="4.840"/>
  <testcase classname="com.Admin_MilkRide.Module.Admin_Allmodule" name="Locations_Manager" time="7.801"/>
  <testcase classname="com.Admin_MilkRide.Module.Admin_Allmodule" name="Report_Module" time="37.738"/>
  <testcase classname="com.Admin_MilkRide.Module.Admin_Allmodule" name="Role_Module" time="5.780"/>
  <testcase classname="com.Admin_MilkRide.Module.Admin_Allmodule" name="Support_Management" time="3.515"/>
  <testcase classname="com.Admin_MilkRide.Module.Admin_Allmodule" name="Features" time="3.447"/>
  <testcase classname="com.Admin_MilkRide.Module.Admin_Allmodule" name="General_Setting" time="2.896"/>
  <testcase classname="com.Admin_MilkRide.Module.Admin_Allmodule" name="Manage_CMS_Pages" time="3.652"/>
  <testcase classname="com.Admin_MilkRide.Module.Admin_Allmodule" name="Site_Management" time="3.303"/>
</testsuite> <!-- com.Admin_MilkRide.Module.Admin_Allmodule -->
