<?xml version="1.0" encoding="UTF-8"?>
<!-- Generated by org.testng.reporters.JUnitReportReporter -->
<testsuite hostname="DESKTOP-QIGAM93" failures="0" tests="8" name="com.Admin_MilkRide.Module.Admin_Allmodule" time="54.865" errors="0" timestamp="2025-07-07T19:06:04 IST" skipped="0">
  <testcase classname="com.Admin_MilkRide.Module.Admin_Allmodule" name="HubInfo" time="11.877"/>
  <testcase classname="com.Admin_MilkRide.Module.Admin_Allmodule" name="Delivery_Management" time="6.276"/>
  <testcase classname="com.Admin_MilkRide.Module.Admin_Allmodule" name="Product_Catalogs" time="11.753"/>
  <testcase classname="com.Admin_MilkRide.Module.Admin_Allmodule" name="Customer_Managemnt" time="8.942"/>
  <testcase classname="com.Admin_MilkRide.Module.Admin_Allmodule" name="Billing_History" time="2.444"/>
  <testcase classname="com.Admin_MilkRide.Module.Admin_Allmodule" name="LoginAdminpenal" time="2.543"/>
  <testcase classname="com.Admin_MilkRide.Module.Admin_Allmodule" name="Inventory_Managment" time="4.949"/>
  <testcase classname="com.Admin_MilkRide.Module.Admin_Allmodule" name="Hubmanager" time="6.081"/>
</testsuite> <!-- com.Admin_MilkRide.Module.Admin_Allmodule -->
