<?xml version="1.0" encoding="UTF-8"?>
<!-- Generated by org.testng.reporters.JUnitReportReporter -->
<testsuite hostname="DESKTOP-QIGAM93" failures="0" tests="1" name="com.Admin_MilkRide.Module.Admin_Allmodule" time="2.578" errors="0" timestamp="2025-07-10T13:29:23 IST" skipped="0">
  <testcase classname="com.Admin_MilkRide.Module.Admin_Allmodule" name="LoginAdminpenal" time="2.578"/>
</testsuite> <!-- com.Admin_MilkRide.Module.Admin_Allmodule -->
