<?xml version="1.0" encoding="UTF-8"?>
<!-- Generated by org.testng.reporters.JUnitReportReporter -->
<testsuite hostname="DESKTOP-QIGAM93" failures="0" tests="4" name="com.Admin_MilkRide.Module.Admin_Allmodule" time="22.215" errors="0" timestamp="2025-07-04T19:04:05 IST" skipped="0">
  <testcase classname="com.Admin_MilkRide.Module.Admin_Allmodule" name="LoginAdminpenal" time="2.259"/>
  <testcase classname="com.Admin_MilkRide.Module.Admin_Allmodule" name="HubInfo" time="11.593"/>
  <testcase classname="com.Admin_MilkRide.Module.Admin_Allmodule" name="Delivery_Management" time="2.714"/>
  <testcase classname="com.Admin_MilkRide.Module.Admin_Allmodule" name="Hubmanager" time="5.649"/>
</testsuite> <!-- com.Admin_MilkRide.Module.Admin_Allmodule -->
